A51 MACRO ASSEMBLER  FLASH_LIB                                                            12/20/2005 16:00:06 PAGE     1


MACRO ASSEMBLER A51 V7.07
OBJECT MODULE PLACED IN .\OUTPUT\flash_lib.obj
ASSEMBLER INVOKED BY: C:\Keil\C51\BIN\A51.EXE drive\flash_lib.a51 SET(SMALL) DEBUG PRINT(.\list\flash_lib.lst) OBJECT(.\
                      OUTPUT\flash_lib.obj) EP

LOC  OBJ            LINE     SOURCE

                       1      NAME FLASH_LIB; 
                       2     
                       3     ;*A51**************************************************************************
                       4     ; FILE_NAME         : FLASH_LIB.a51                                             
                       5     ;----------------------------------------------------------------------------              
                                                        
                       6     ;----------------------------------------------------------------------------
                       7     ; FILE_PURPOSE: low level function for API  
                       8     ;******************************************************************************
                       9     
                      10     USING 0
                      11     
                      12     PUBLIC ASM_MOV_R1_A
                      13     PUBLIC __API_FLASH_ENTRY_POINT
                      14     
                      15     
  00A2                16     AUXR1 EQU       0A2h 
                      17     
                      18     START SEGMENT CODE
----                  19     RSEG START
                      20     
                      21     ;*****************************************************************************
                      22     ; FUNCTION_NAME: ASM_MOV_A_R1
                      23     ;*****************************************************************************
0000                  24     ASM_MOV_R1_A:
0000 F9               25       Mov R1, A
0001 22               26     Ret
                      27     
                      28     ;*****************************************************************************
                      29     ; FUNCTION_NAME: __API_FLASH_ENTRY_POINT
                      30     ;*****************************************************************************
0002                  31     __API_FLASH_ENTRY_POINT:
0002 C002             32             PUSH    AR2
0004 C004             33             PUSH    AR4
0006 C006             34             PUSH    AR6
0008 12FFF0           35             LCALL 0FFF0h
000B D006             36             POP     AR6
000D D004             37             POP     AR4
000F D002             38             POP     AR2
0011 22               39     Ret
                      40     
                      41     END
                             
                             
                             
                             
A51 MACRO ASSEMBLER  FLASH_LIB                                                            12/20/2005 16:00:06 PAGE     2

SYMBOL TABLE LISTING
------ ----- -------


N A M E                  T Y P E  V A L U E   ATTRIBUTES

AR2 . . . . . . . . . .  D ADDR   0002H   A   
AR4 . . . . . . . . . .  D ADDR   0004H   A   
AR6 . . . . . . . . . .  D ADDR   0006H   A   
ASM_MOV_R1_A. . . . . .  C ADDR   0000H   R   SEG=START
AUXR1 . . . . . . . . .  N NUMB   00A2H   A   
FLASH_LIB . . . . . . .  N NUMB   -----       
START . . . . . . . . .  C SEG    0012H       REL=UNIT
__API_FLASH_ENTRY_POINT  C ADDR   0002H   R   SEG=START


REGISTER BANK(S) USED: 0 


ASSEMBLY COMPLETE.  0 WARNING(S), 0 ERROR(S)
